<?xml version='1.0' encoding='UTF-8' ?>
<testsuite errors="0" failures="0" hostname="QuangPC-2.local" name="KWSpec" tests="0" time="0.0" timestamp="2013-12-27 17:48:45 +0700"></testsuite>
